# JRE version: OpenJDK Runtime Environment (8.0_202-b03) (build 1.8.0_202-release-1483-b03)
# Java VM: OpenJDK 64-Bit Server VM (25.202-b03 mixed mode windows-amd64 compressed oops)
Heap:
 PSYoungGen      total 408064K, used 189084K [0x00000000e0000000, 0x0000000100000000, 0x0000000100000000)
  eden space 316928K, 59% used [0x00000000e0000000,0x00000000eb8a7270,0x00000000f3580000)
  from space 91136K, 0% used [0x00000000f3580000,0x00000000f3580000,0x00000000f8e80000)
  to   space 86016K, 0% used [0x00000000fac00000,0x00000000fac00000,0x0000000100000000)
 ParOldGen       total 396288K, used 99003K [0x00000000a0000000, 0x00000000b8300000, 0x00000000e0000000)
  object space 396288K, 24% used [0x00000000a0000000,0x00000000a60aecc0,0x00000000b8300000)
 Metaspace       used 116621K, capacity 120931K, committed 121176K, reserved 1155072K
  class space    used 14691K, capacity 15636K, committed 15744K, reserved 1048576K
GC Heap History (10 events):
Event: 325.792 GC heap before
{Heap before GC invocations=15 (full 3):
 PSYoungGen      total 289280K, used 289249K [0x00000000e0000000, 0x00000000f6700000, 0x0000000100000000)
  eden space 264704K, 100% used [0x00000000e0000000,0x00000000f0280000,0x00000000f0280000)
  from space 24576K, 99% used [0x00000000f0280000,0x00000000f1a78518,0x00000000f1a80000)
  to   space 31232K, 0% used [0x00000000f4880000,0x00000000f4880000,0x00000000f6700000)
 ParOldGen       total 229888K, used 49178K [0x00000000a0000000, 0x00000000ae080000, 0x00000000e0000000)
  object space 229888K, 21% used [0x00000000a0000000,0x00000000a3006b70,0x00000000ae080000)
 Metaspace       used 78131K, capacity 81534K, committed 81752K, reserved 1120256K
  class space    used 10081K, capacity 10830K, committed 10880K, reserved 1048576K
Event: 325.846 GC heap after
Heap after GC invocations=15 (full 3):
 PSYoungGen      total 312320K, used 31226K [0x00000000e0000000, 0x00000000fa400000, 0x0000000100000000)
  eden space 281088K, 0% used [0x00000000e0000000,0x00000000e0000000,0x00000000f1280000)
  from space 31232K, 99% used [0x00000000f4880000,0x00000000f66feae8,0x00000000f6700000)
  to   space 55296K, 0% used [0x00000000f1280000,0x00000000f1280000,0x00000000f4880000)
 ParOldGen       total 229888K, used 103259K [0x00000000a0000000, 0x00000000ae080000, 0x00000000e0000000)
  object space 229888K, 44% used [0x00000000a0000000,0x00000000a64d6fa8,0x00000000ae080000)
 Metaspace       used 78131K, capacity 81534K, committed 81752K, reserved 1120256K
  class space    used 10081K, capacity 10830K, committed 10880K, reserved 1048576K
}
Event: 328.666 GC heap before
{Heap before GC invocations=16 (full 3):
 PSYoungGen      total 312320K, used 312314K [0x00000000e0000000, 0x00000000fa400000, 0x0000000100000000)
  eden space 281088K, 100% used [0x00000000e0000000,0x00000000f1280000,0x00000000f1280000)
  from space 31232K, 99% used [0x00000000f4880000,0x00000000f66feae8,0x00000000f6700000)
  to   space 55296K, 0% used [0x00000000f1280000,0x00000000f1280000,0x00000000f4880000)
 ParOldGen       total 229888K, used 103259K [0x00000000a0000000, 0x00000000ae080000, 0x00000000e0000000)
  object space 229888K, 44% used [0x00000000a0000000,0x00000000a64d6fa8,0x00000000ae080000)
 Metaspace       used 80707K, capacity 84452K, committed 84696K, reserved 1122304K
  class space    used 10345K, capacity 11199K, committed 11264K, reserved 1048576K
Event: 328.706 GC heap after
Heap after GC invocations=16 (full 3):
 PSYoungGen      total 336384K, used 55272K [0x00000000e0000000, 0x00000000fd300000, 0x0000000100000000)
  eden space 281088K, 0% used [0x00000000e0000000,0x00000000e0000000,0x00000000f1280000)
  from space 55296K, 99% used [0x00000000f1280000,0x00000000f487a040,0x00000000f4880000)
  to   space 70144K, 0% used [0x00000000f8e80000,0x00000000f8e80000,0x00000000fd300000)
 ParOldGen       total 229888K, used 118860K [0x00000000a0000000, 0x00000000ae080000, 0x00000000e0000000)
  object space 229888K, 51% used [0x00000000a0000000,0x00000000a7413238,0x00000000ae080000)
 Metaspace       used 80707K, capacity 84452K, committed 84696K, reserved 1122304K
  class space    used 10345K, capacity 11199K, committed 11264K, reserved 1048576K
}
Event: 330.316 GC heap before
{Heap before GC invocations=17 (full 3):
 PSYoungGen      total 336384K, used 336360K [0x00000000e0000000, 0x00000000fd300000, 0x0000000100000000)
  eden space 281088K, 100% used [0x00000000e0000000,0x00000000f1280000,0x00000000f1280000)
  from space 55296K, 99% used [0x00000000f1280000,0x00000000f487a040,0x00000000f4880000)
  to   space 70144K, 0% used [0x00000000f8e80000,0x00000000f8e80000,0x00000000fd300000)
 ParOldGen       total 229888K, used 118860K [0x00000000a0000000, 0x00000000ae080000, 0x00000000e0000000)
  object space 229888K, 51% used [0x00000000a0000000,0x00000000a7413238,0x00000000ae080000)
 Metaspace       used 80863K, capacity 84596K, committed 84696K, reserved 1122304K
  class space    used 10346K, capacity 11201K, committed 11264K, reserved 1048576K
Event: 330.384 GC heap after
Heap after GC invocations=17 (full 3):
 PSYoungGen      total 387072K, used 70138K [0x00000000e0000000, 0x0000000100000000, 0x0000000100000000)
  eden space 316928K, 0% used [0x00000000e0000000,0x00000000e0000000,0x00000000f3580000)
  from space 70144K, 99% used [0x00000000f8e80000,0x00000000fd2fe9f8,0x00000000fd300000)
  to   space 91136K, 0% used [0x00000000f3580000,0x00000000f3580000,0x00000000f8e80000)
 ParOldGen       total 229888K, used 144486K [0x00000000a0000000, 0x00000000ae080000, 0x00000000e0000000)
  object space 229888K, 62% used [0x00000000a0000000,0x00000000a8d19ab0,0x00000000ae080000)
 Metaspace       used 80863K, capacity 84596K, committed 84696K, reserved 1122304K
  class space    used 10346K, capacity 11201K, committed 11264K, reserved 1048576K
}
Event: 332.838 GC heap before
{Heap before GC invocations=18 (full 3):
 PSYoungGen      total 387072K, used 314518K [0x00000000e0000000, 0x0000000100000000, 0x0000000100000000)
  eden space 316928K, 77% used [0x00000000e0000000,0x00000000eeea71c8,0x00000000f3580000)
  from space 70144K, 99% used [0x00000000f8e80000,0x00000000fd2fe9f8,0x00000000fd300000)
  to   space 91136K, 0% used [0x00000000f3580000,0x00000000f3580000,0x00000000f8e80000)
 ParOldGen       total 229888K, used 144486K [0x00000000a0000000, 0x00000000ae080000, 0x00000000e0000000)
  object space 229888K, 62% used [0x00000000a0000000,0x00000000a8d19ab0,0x00000000ae080000)
 Metaspace       used 94085K, capacity 98100K, committed 98264K, reserved 1134592K
  class space    used 11787K, capacity 12703K, committed 12800K, reserved 1048576K
Event: 332.875 GC heap after
Heap after GC invocations=18 (full 3):
 PSYoungGen      total 408064K, used 30567K [0x00000000e0000000, 0x0000000100000000, 0x0000000100000000)
  eden space 316928K, 0% used [0x00000000e0000000,0x00000000e0000000,0x00000000f3580000)
  from space 91136K, 33% used [0x00000000f3580000,0x00000000f5359d90,0x00000000f8e80000)
  to   space 86016K, 0% used [0x00000000fac00000,0x00000000fac00000,0x0000000100000000)
 ParOldGen       total 229888K, used 214242K [0x00000000a0000000, 0x00000000ae080000, 0x00000000e0000000)
  object space 229888K, 93% used [0x00000000a0000000,0x00000000ad138a60,0x00000000ae080000)
 Metaspace       used 94085K, capacity 98100K, committed 98264K, reserved 1134592K
  class space    used 11787K, capacity 12703K, committed 12800K, reserved 1048576K
}
Event: 332.875 GC heap before
{Heap before GC invocations=19 (full 4):
 PSYoungGen      total 408064K, used 30567K [0x00000000e0000000, 0x0000000100000000, 0x0000000100000000)
  eden space 316928K, 0% used [0x00000000e0000000,0x00000000e0000000,0x00000000f3580000)
  from space 91136K, 33% used [0x00000000f3580000,0x00000000f5359d90,0x00000000f8e80000)
  to   space 86016K, 0% used [0x00000000fac00000,0x00000000fac00000,0x0000000100000000)
 ParOldGen       total 229888K, used 214242K [0x00000000a0000000, 0x00000000ae080000, 0x00000000e0000000)
  object space 229888K, 93% used [0x00000000a0000000,0x00000000ad138a60,0x00000000ae080000)
 Metaspace       used 94085K, capacity 98100K, committed 98264K, reserved 1134592K
  class space    used 11787K, capacity 12703K, committed 12800K, reserved 1048576K
Event: 333.059 GC heap after
Heap after GC invocations=19 (full 4):
 PSYoungGen      total 408064K, used 0K [0x00000000e0000000, 0x0000000100000000, 0x0000000100000000)
  eden space 316928K, 0% used [0x00000000e0000000,0x00000000e0000000,0x00000000f3580000)
  from space 91136K, 0% used [0x00000000f3580000,0x00000000f3580000,0x00000000f8e80000)
  to   space 86016K, 0% used [0x00000000fac00000,0x00000000fac00000,0x0000000100000000)
 ParOldGen       total 396288K, used 99003K [0x00000000a0000000, 0x00000000b8300000, 0x00000000e0000000)
  object space 396288K, 24% used [0x00000000a0000000,0x00000000a60aecc0,0x00000000b8300000)
 Metaspace       used 92552K, capacity 96208K, committed 98264K, reserved 1134592K
  class space    used 11582K, capacity 12421K, committed 12800K, reserved 1048576K
}

