# JRE version: OpenJDK Runtime Environment (8.0_202-b03) (build 1.8.0_202-release-1483-b03)
# Java VM: OpenJDK 64-Bit Server VM (25.202-b03 mixed mode windows-amd64 compressed oops)
Heap:
 PSYoungGen      total 304640K, used 142754K [0x00000000e0000000, 0x00000000f5e00000, 0x0000000100000000)
  eden space 264192K, 54% used [0x00000000e0000000,0x00000000e8b68950,0x00000000f0200000)
  from space 40448K, 0% used [0x00000000f2f00000,0x00000000f2f00000,0x00000000f5680000)
  to   space 46080K, 0% used [0x00000000f0200000,0x00000000f0200000,0x00000000f2f00000)
 ParOldGen       total 480256K, used 90177K [0x00000000a0000000, 0x00000000bd500000, 0x00000000e0000000)
  object space 480256K, 18% used [0x00000000a0000000,0x00000000a58105d0,0x00000000bd500000)
 Metaspace       used 112468K, capacity 116955K, committed 117464K, reserved 1150976K
  class space    used 14312K, capacity 15290K, committed 15360K, reserved 1048576K
GC Heap History (10 events):
Event: 9731.623 GC heap before
{Heap before GC invocations=26 (full 3):
 PSYoungGen      total 243712K, used 205984K [0x00000000e0000000, 0x00000000f1880000, 0x0000000100000000)
  eden space 205312K, 100% used [0x00000000e0000000,0x00000000ec880000,0x00000000ec880000)
  from space 38400K, 1% used [0x00000000ef300000,0x00000000ef3a8000,0x00000000f1880000)
  to   space 40960K, 0% used [0x00000000ec880000,0x00000000ec880000,0x00000000ef080000)
 ParOldGen       total 318976K, used 86188K [0x00000000a0000000, 0x00000000b3780000, 0x00000000e0000000)
  object space 318976K, 27% used [0x00000000a0000000,0x00000000a542b210,0x00000000b3780000)
 Metaspace       used 75747K, capacity 79606K, committed 79832K, reserved 1118208K
  class space    used 9832K, capacity 10658K, committed 10752K, reserved 1048576K
Event: 9731.626 GC heap after
Heap after GC invocations=26 (full 3):
 PSYoungGen      total 246272K, used 608K [0x00000000e0000000, 0x00000000f4080000, 0x0000000100000000)
  eden space 205312K, 0% used [0x00000000e0000000,0x00000000e0000000,0x00000000ec880000)
  from space 40960K, 1% used [0x00000000ec880000,0x00000000ec918000,0x00000000ef080000)
  to   space 41472K, 0% used [0x00000000f1800000,0x00000000f1800000,0x00000000f4080000)
 ParOldGen       total 318976K, used 86348K [0x00000000a0000000, 0x00000000b3780000, 0x00000000e0000000)
  object space 318976K, 27% used [0x00000000a0000000,0x00000000a5453210,0x00000000b3780000)
 Metaspace       used 75747K, capacity 79606K, committed 79832K, reserved 1118208K
  class space    used 9832K, capacity 10658K, committed 10752K, reserved 1048576K
}
Event: 9731.861 GC heap before
{Heap before GC invocations=27 (full 3):
 PSYoungGen      total 246272K, used 205920K [0x00000000e0000000, 0x00000000f4080000, 0x0000000100000000)
  eden space 205312K, 100% used [0x00000000e0000000,0x00000000ec880000,0x00000000ec880000)
  from space 40960K, 1% used [0x00000000ec880000,0x00000000ec918000,0x00000000ef080000)
  to   space 41472K, 0% used [0x00000000f1800000,0x00000000f1800000,0x00000000f4080000)
 ParOldGen       total 318976K, used 86348K [0x00000000a0000000, 0x00000000b3780000, 0x00000000e0000000)
  object space 318976K, 27% used [0x00000000a0000000,0x00000000a5453210,0x00000000b3780000)
 Metaspace       used 75748K, capacity 79606K, committed 79832K, reserved 1118208K
  class space    used 9832K, capacity 10658K, committed 10752K, reserved 1048576K
Event: 9731.864 GC heap after
Heap after GC invocations=27 (full 3):
 PSYoungGen      total 278528K, used 608K [0x00000000e0000000, 0x00000000f3c00000, 0x0000000100000000)
  eden space 241664K, 0% used [0x00000000e0000000,0x00000000e0000000,0x00000000eec00000)
  from space 36864K, 1% used [0x00000000f1800000,0x00000000f1898000,0x00000000f3c00000)
  to   space 40960K, 0% used [0x00000000eec00000,0x00000000eec00000,0x00000000f1400000)
 ParOldGen       total 318976K, used 86444K [0x00000000a0000000, 0x00000000b3780000, 0x00000000e0000000)
  object space 318976K, 27% used [0x00000000a0000000,0x00000000a546b210,0x00000000b3780000)
 Metaspace       used 75748K, capacity 79606K, committed 79832K, reserved 1118208K
  class space    used 9832K, capacity 10658K, committed 10752K, reserved 1048576K
}
Event: 9732.549 GC heap before
{Heap before GC invocations=28 (full 3):
 PSYoungGen      total 278528K, used 242272K [0x00000000e0000000, 0x00000000f3c00000, 0x0000000100000000)
  eden space 241664K, 100% used [0x00000000e0000000,0x00000000eec00000,0x00000000eec00000)
  from space 36864K, 1% used [0x00000000f1800000,0x00000000f1898000,0x00000000f3c00000)
  to   space 40960K, 0% used [0x00000000eec00000,0x00000000eec00000,0x00000000f1400000)
 ParOldGen       total 318976K, used 86444K [0x00000000a0000000, 0x00000000b3780000, 0x00000000e0000000)
  object space 318976K, 27% used [0x00000000a0000000,0x00000000a546b210,0x00000000b3780000)
 Metaspace       used 76826K, capacity 80828K, committed 80984K, reserved 1120256K
  class space    used 9929K, capacity 10805K, committed 10880K, reserved 1048576K
Event: 9732.554 GC heap after
Heap after GC invocations=28 (full 3):
 PSYoungGen      total 282624K, used 2566K [0x00000000e0000000, 0x00000000f5680000, 0x0000000100000000)
  eden space 241664K, 0% used [0x00000000e0000000,0x00000000e0000000,0x00000000eec00000)
  from space 40960K, 6% used [0x00000000eec00000,0x00000000eee81bd8,0x00000000f1400000)
  to   space 40448K, 0% used [0x00000000f2f00000,0x00000000f2f00000,0x00000000f5680000)
 ParOldGen       total 318976K, used 86452K [0x00000000a0000000, 0x00000000b3780000, 0x00000000e0000000)
  object space 318976K, 27% used [0x00000000a0000000,0x00000000a546d210,0x00000000b3780000)
 Metaspace       used 76826K, capacity 80828K, committed 80984K, reserved 1120256K
  class space    used 9929K, capacity 10805K, committed 10880K, reserved 1048576K
}
Event: 9735.339 GC heap before
{Heap before GC invocations=29 (full 3):
 PSYoungGen      total 282624K, used 207899K [0x00000000e0000000, 0x00000000f5680000, 0x0000000100000000)
  eden space 241664K, 84% used [0x00000000e0000000,0x00000000ec885200,0x00000000eec00000)
  from space 40960K, 6% used [0x00000000eec00000,0x00000000eee81bd8,0x00000000f1400000)
  to   space 40448K, 0% used [0x00000000f2f00000,0x00000000f2f00000,0x00000000f5680000)
 ParOldGen       total 318976K, used 86452K [0x00000000a0000000, 0x00000000b3780000, 0x00000000e0000000)
  object space 318976K, 27% used [0x00000000a0000000,0x00000000a546d210,0x00000000b3780000)
 Metaspace       used 93625K, capacity 98174K, committed 98264K, reserved 1134592K
  class space    used 11839K, capacity 12798K, committed 12800K, reserved 1048576K
Event: 9735.357 GC heap after
Heap after GC invocations=29 (full 3):
 PSYoungGen      total 304640K, used 35788K [0x00000000e0000000, 0x00000000f5e00000, 0x0000000100000000)
  eden space 264192K, 0% used [0x00000000e0000000,0x00000000e0000000,0x00000000f0200000)
  from space 40448K, 88% used [0x00000000f2f00000,0x00000000f51f3290,0x00000000f5680000)
  to   space 46080K, 0% used [0x00000000f0200000,0x00000000f0200000,0x00000000f2f00000)
 ParOldGen       total 318976K, used 86479K [0x00000000a0000000, 0x00000000b3780000, 0x00000000e0000000)
  object space 318976K, 27% used [0x00000000a0000000,0x00000000a5473e60,0x00000000b3780000)
 Metaspace       used 93625K, capacity 98174K, committed 98264K, reserved 1134592K
  class space    used 11839K, capacity 12798K, committed 12800K, reserved 1048576K
}
Event: 9735.357 GC heap before
{Heap before GC invocations=30 (full 4):
 PSYoungGen      total 304640K, used 35788K [0x00000000e0000000, 0x00000000f5e00000, 0x0000000100000000)
  eden space 264192K, 0% used [0x00000000e0000000,0x00000000e0000000,0x00000000f0200000)
  from space 40448K, 88% used [0x00000000f2f00000,0x00000000f51f3290,0x00000000f5680000)
  to   space 46080K, 0% used [0x00000000f0200000,0x00000000f0200000,0x00000000f2f00000)
 ParOldGen       total 318976K, used 86479K [0x00000000a0000000, 0x00000000b3780000, 0x00000000e0000000)
  object space 318976K, 27% used [0x00000000a0000000,0x00000000a5473e60,0x00000000b3780000)
 Metaspace       used 93625K, capacity 98174K, committed 98264K, reserved 1134592K
  class space    used 11839K, capacity 12798K, committed 12800K, reserved 1048576K
Event: 9735.562 GC heap after
Heap after GC invocations=30 (full 4):
 PSYoungGen      total 304640K, used 0K [0x00000000e0000000, 0x00000000f5e00000, 0x0000000100000000)
  eden space 264192K, 0% used [0x00000000e0000000,0x00000000e0000000,0x00000000f0200000)
  from space 40448K, 0% used [0x00000000f2f00000,0x00000000f2f00000,0x00000000f5680000)
  to   space 46080K, 0% used [0x00000000f0200000,0x00000000f0200000,0x00000000f2f00000)
 ParOldGen       total 480256K, used 90177K [0x00000000a0000000, 0x00000000bd500000, 0x00000000e0000000)
  object space 480256K, 18% used [0x00000000a0000000,0x00000000a58105d0,0x00000000bd500000)
 Metaspace       used 93144K, capacity 96948K, committed 98264K, reserved 1134592K
  class space    used 11711K, capacity 12527K, committed 12800K, reserved 1048576K
}

